<?xml version="1.0" encoding="utf-8"?><testsuites name="pytest tests"><testsuite name="pytest" errors="0" failures="1" skipped="0" tests="23" time="25.286" timestamp="2026-08-25T05:08:50.564899+00:00" hostname="agent-env-030bbfec-63ec-4057-993e-a7df4e959b7f"><testcase classname="tests.test_iteration4_plus_payments.TestPayments" name="test_checkout_creates_stripe_session[plus_monthly-9.0]" time="1.689" /><testcase classname="tests.test_iteration4_plus_payments.TestPlusGating" name="test_status_none_for_new_user" time="1.340" /><testcase classname="tests.test_iteration4_plus_payments.TestPlusGating" name="test_gated_endpoints_402[/wellness/plan]" time="0.044" /><testcase classname="tests.test_iteration4_plus_payments.TestPlusGating" name="test_gated_endpoints_402[/wellness/food]" time="0.042" /><testcase classname="tests.test_iteration4_plus_payments.TestPlusGating" name="test_gated_endpoints_402[/wellness/events]" time="0.259" /><testcase classname="tests.test_iteration4_plus_payments.TestPlusGating" name="test_gated_post_402" time="0.401" /><testcase classname="tests.test_iteration4_plus_payments.TestPayments" name="test_checkout_creates_stripe_session[plus_yearly-86.4]" time="0.717" /><testcase classname="tests.test_iteration4_plus_payments.TestPlusGating" name="test_unauth_401" time="0.081" /><testcase classname="tests.test_iteration4_plus_payments.TestPayments" name="test_checkout_creates_stripe_session[donate_15-15.0]" time="0.992" /><testcase classname="tests.test_iteration4_plus_payments.TestWellnessPlan" name="test_plan_autogenerates" time="8.393" /><testcase classname="tests.test_iteration4_plus_payments.TestPayments" name="test_checkout_invalid_package" time="0.108" /><testcase classname="tests.test_iteration4_plus_payments.TestPayments" name="test_checkout_requires_auth" time="0.062" /><testcase classname="tests.test_iteration4_plus_payments.TestPayments" name="test_status_unknown_session_404" time="0.053" /><testcase classname="tests.test_iteration4_plus_payments.TestPayments" name="test_checkout_does_not_grant_access" time="0.116" /><testcase classname="tests.test_iteration4_plus_payments.TestTrial" name="test_start_trial_grants_access" time="0.556" /><testcase classname="tests.test_iteration4_plus_payments.TestTrial" name="test_existing_user_trial_already_used" time="0.424" /><testcase classname="tests.test_iteration4_plus_payments.TestFoodLog" name="test_log_food_and_totals" time="2.545" /><testcase classname="tests.test_iteration4_plus_payments.TestFoodLog" name="test_food_cross_user_isolation" time="1.332" /><testcase classname="tests.test_iteration4_plus_payments.TestSchedule" name="test_event_crud_and_sorting" time="0.352" /><testcase classname="tests.test_iteration4_plus_payments.TestProactiveCoaching" name="test_chat_stream_works_for_plus_user" time="15.722"><failure message="AssertionError: empty stream: ''&#10;assert 0 &gt; 10&#10; +  where 0 = len('')">tests/test_iteration4_plus_payments.py:279: in test_chat_stream_works_for_plus_user
    assert len(text) &gt; 10, f"empty stream: {text!r}"
E   AssertionError: empty stream: ''
E   assert 0 &gt; 10
E    +  where 0 = len('')</failure></testcase><testcase classname="tests.test_iteration4_plus_payments.TestWellnessPlan" name="test_toggle_item" time="0.176" /><testcase classname="tests.test_iteration4_plus_payments.TestWellnessPlan" name="test_toggle_out_of_range_404" time="0.043" /><testcase classname="tests.test_iteration4_plus_payments.TestWellnessPlan" name="test_regenerate" time="7.292" /></testsuite></testsuites>