<?xml version="1.0" encoding="utf-8"?><testsuites name="pytest tests"><testsuite name="pytest" errors="0" failures="1" skipped="0" tests="52" time="34.915" timestamp="2026-08-25T04:43:17.671614+00:00" hostname="agent-env-030bbfec-63ec-4057-993e-a7df4e959b7f"><testcase classname="tests.test_auth_onboarding" name="test_register_returns_token_and_not_onboarded" time="0.928" /><testcase classname="tests.test_chat_safety" name="test_chat_normal_stream" time="7.577" /><testcase classname="tests.test_auth_onboarding" name="test_login_bad_password" time="0.268" /><testcase classname="tests.test_auth_onboarding" name="test_me_requires_auth" time="0.096" /><testcase classname="tests.test_auth_onboarding" name="test_onboarding_rejects_missing_consents" time="0.442" /><testcase classname="tests.test_auth_onboarding" name="test_profile_update_persists" time="0.402" /><testcase classname="tests.test_auth_onboarding" name="test_private_mode_toggle" time="0.135" /><testcase classname="tests.test_auth_onboarding" name="test_hotlines_us" time="0.045" /><testcase classname="tests.test_admin" name="test_admin_rbac" time="0.267" /><testcase classname="tests.test_admin" name="test_admin_stats" time="0.310" /><testcase classname="tests.test_admin" name="test_model_config_update" time="0.212" /><testcase classname="tests.test_admin" name="test_provider_settings" time="0.096" /><testcase classname="tests.test_admin" name="test_professionals_crud" time="0.222" /><testcase classname="tests.test_admin" name="test_safety_events_and_resolve" time="0.133" /><testcase classname="tests.test_fixes_iteration2.TestNotFoundMutations" name="test_delete_missing_memory_404" time="0.043" /><testcase classname="tests.test_fixes_iteration2.TestNotFoundMutations" name="test_update_missing_memory_404" time="0.084" /><testcase classname="tests.test_fixes_iteration2.TestNotFoundMutations" name="test_delete_missing_professional_404" time="0.043" /><testcase classname="tests.test_fixes_iteration2.TestNotFoundMutations" name="test_resolve_missing_safety_event_404" time="0.049" /><testcase classname="tests.test_iteration3_voice_alerts.TestAdminRegression" name="test_model_routing_save" time="0.128" /><testcase classname="tests.test_iteration3_voice_alerts.TestAdminRegression" name="test_professional_add_delete" time="0.228" /><testcase classname="tests.test_iteration3_voice_alerts.TestAdminRegression" name="test_resolve_safety_event" time="0.138" /><testcase classname="tests.test_iteration3_voice_alerts.TestAdminRegression" name="test_admin_stats" time="0.046" /><testcase classname="tests.test_fixes_iteration2.TestPrivateModeValidation" name="test_toggle_on_and_off" time="0.226" /><testcase classname="tests.test_fixes_iteration2.TestPrivateModeValidation" name="test_junk_body_rejected" time="0.044" /><testcase classname="tests.test_fixes_iteration2.TestPrivateModeValidation" name="test_wrong_type_rejected" time="0.087" /><testcase classname="tests.test_fixes_iteration2.TestProviderValidation" name="test_switch_to_openrouter_without_key_is_400" time="0.144" /><testcase classname="tests.test_fixes_iteration2.TestProviderValidation" name="test_openrouter_models_without_key_is_400" time="0.091" /><testcase classname="tests.test_fixes_iteration2.TestProviderValidation" name="test_emergent_provider_still_settable" time="0.089" /><testcase classname="tests.test_iteration3_voice_alerts.TestVoice" name="test_voice_status_disabled" time="0.045" /><testcase classname="tests.test_iteration3_voice_alerts.TestVoice" name="test_tts_400_when_unconfigured" time="0.046" /><testcase classname="tests.test_iteration3_voice_alerts.TestVoice" name="test_voice_endpoints_require_auth" time="0.124" /><testcase classname="tests.test_iteration3_voice_alerts.TestAdminVoiceAlerts" name="test_integrations_all_unconfigured" time="0.044" /><testcase classname="tests.test_iteration3_voice_alerts.TestAdminVoiceAlerts" name="test_get_and_persist_voice_settings" time="0.262" /><testcase classname="tests.test_iteration3_voice_alerts.TestAdminVoiceAlerts" name="test_voice_settings_admin_only" time="0.134" /><testcase classname="tests.test_health" name="test_root" time="0.115" /><testcase classname="tests.test_health" name="test_countries_meta" time="0.122" /><testcase classname="tests.test_iteration3_voice_alerts.TestChatRegression" name="test_register_onboard_and_stream" time="4.699" /><testcase classname="tests.test_chat_safety" name="test_history_persists" time="0.131" /><testcase classname="tests.test_chat_safety" name="test_memories_saved_and_deletable" time="0.139" /><testcase classname="tests.test_chat_safety" name="test_private_mode_no_memory_persist" time="4.791" /><testcase classname="tests.test_iteration3_voice_alerts.TestChatRegression" name="test_existing_user_login" time="0.272" /><testcase classname="tests.test_iteration3_voice_alerts.TestEscalationGraceful" name="test_high_risk_escalation_and_event" time="4.254" /><testcase classname="tests.test_chat_safety" name="test_high_risk_escalation" time="4.572"><failure message="assert False&#10; +  where False = any(&lt;generator object test_high_risk_escalation.&lt;locals&gt;.&lt;genexpr&gt; at 0xfd5f95bdd3c0&gt;)">E   assert False
     +  where False = any(&lt;generator object test_high_risk_escalation.&lt;locals&gt;.&lt;genexpr&gt; at 0xfd5f95bdd3c0&gt;)</failure></testcase><testcase classname="tests.test_iteration3_voice_alerts.TestEscalationGraceful" name="test_handoff_logs_event" time="0.090" /><testcase classname="tests.test_iteration3_voice_alerts.TestCheckin" name="test_checkin_due_and_personalized" time="18.820" /><testcase classname="tests.test_chat_safety" name="test_handoff" time="0.046" /><testcase classname="tests.test_chat_safety" name="test_checkin_due_then_not_due" time="1.920" /><testcase classname="tests.test_chat_safety" name="test_checkin_off" time="0.363" /><testcase classname="tests.test_chat_safety" name="test_chat_invalid_session_404" time="0.044" /><testcase classname="tests.test_chat_safety" name="test_cross_user_session_isolation" time="0.360" /><testcase classname="tests.test_chat_safety" name="test_export_and_delete_everything" time="5.256" /><testcase classname="tests.test_iteration3_voice_alerts.TestCheckin" name="test_checkin_off" time="0.350" /></testsuite></testsuites>