<?xml version="1.0" encoding="utf-8"?><testsuites name="pytest tests"><testsuite name="pytest" errors="0" failures="0" skipped="0" tests="16" time="17.697" timestamp="2026-08-25T04:42:54.875167+00:00" hostname="agent-env-030bbfec-63ec-4057-993e-a7df4e959b7f"><testcase classname="tests.test_iteration3_voice_alerts.TestAdminRegression" name="test_model_routing_save" time="0.672" /><testcase classname="tests.test_iteration3_voice_alerts.TestVoice" name="test_voice_status_disabled" time="0.706" /><testcase classname="tests.test_iteration3_voice_alerts.TestAdminRegression" name="test_professional_add_delete" time="0.523" /><testcase classname="tests.test_iteration3_voice_alerts.TestVoice" name="test_tts_400_when_unconfigured" time="0.046" /><testcase classname="tests.test_iteration3_voice_alerts.TestVoice" name="test_voice_endpoints_require_auth" time="0.126" /><testcase classname="tests.test_iteration3_voice_alerts.TestAdminVoiceAlerts" name="test_integrations_all_unconfigured" time="0.322" /><testcase classname="tests.test_iteration3_voice_alerts.TestAdminRegression" name="test_resolve_safety_event" time="0.184" /><testcase classname="tests.test_iteration3_voice_alerts.TestAdminVoiceAlerts" name="test_get_and_persist_voice_settings" time="0.320" /><testcase classname="tests.test_iteration3_voice_alerts.TestAdminRegression" name="test_admin_stats" time="0.091" /><testcase classname="tests.test_iteration3_voice_alerts.TestChatRegression" name="test_register_onboard_and_stream" time="4.816" /><testcase classname="tests.test_iteration3_voice_alerts.TestAdminVoiceAlerts" name="test_voice_settings_admin_only" time="0.316" /><testcase classname="tests.test_iteration3_voice_alerts.TestEscalationGraceful" name="test_high_risk_escalation_and_event" time="4.999" /><testcase classname="tests.test_iteration3_voice_alerts.TestChatRegression" name="test_existing_user_login" time="0.267" /><testcase classname="tests.test_iteration3_voice_alerts.TestCheckin" name="test_checkin_due_and_personalized" time="10.239" /><testcase classname="tests.test_iteration3_voice_alerts.TestEscalationGraceful" name="test_handoff_logs_event" time="0.169" /><testcase classname="tests.test_iteration3_voice_alerts.TestCheckin" name="test_checkin_off" time="0.368" /></testsuite></testsuites>