<?xml version="1.0" encoding="utf-8"?><testsuites name="pytest tests"><testsuite name="pytest" errors="0" failures="0" skipped="0" tests="75" time="58.710" timestamp="2026-08-25T05:09:51.956888+00:00" hostname="agent-env-030bbfec-63ec-4057-993e-a7df4e959b7f"><testcase classname="tests.test_auth_onboarding" name="test_register_returns_token_and_not_onboarded" time="1.079" /><testcase classname="tests.test_chat_safety" name="test_chat_normal_stream" time="6.348" /><testcase classname="tests.test_auth_onboarding" name="test_login_bad_password" time="0.274" /><testcase classname="tests.test_auth_onboarding" name="test_me_requires_auth" time="0.128" /><testcase classname="tests.test_auth_onboarding" name="test_onboarding_rejects_missing_consents" time="0.437" /><testcase classname="tests.test_auth_onboarding" name="test_profile_update_persists" time="0.439" /><testcase classname="tests.test_auth_onboarding" name="test_private_mode_toggle" time="0.158" /><testcase classname="tests.test_auth_onboarding" name="test_hotlines_us" time="0.055" /><testcase classname="tests.test_iteration4_plus_payments.TestPayments" name="test_checkout_creates_stripe_session[plus_monthly-9.0]" time="1.174" /><testcase classname="tests.test_iteration4_plus_payments.TestPayments" name="test_checkout_creates_stripe_session[plus_yearly-86.4]" time="0.693" /><testcase classname="tests.test_iteration4_plus_payments.TestPayments" name="test_checkout_creates_stripe_session[donate_15-15.0]" time="0.747" /><testcase classname="tests.test_iteration4_plus_payments.TestPayments" name="test_checkout_invalid_package" time="0.053" /><testcase classname="tests.test_iteration4_plus_payments.TestPayments" name="test_checkout_requires_auth" time="0.056" /><testcase classname="tests.test_iteration4_plus_payments.TestPayments" name="test_status_unknown_session_404" time="0.052" /><testcase classname="tests.test_iteration4_plus_payments.TestPayments" name="test_checkout_does_not_grant_access" time="0.108" /><testcase classname="tests.test_admin" name="test_admin_rbac" time="0.372" /><testcase classname="tests.test_admin" name="test_admin_stats" time="0.339" /><testcase classname="tests.test_admin" name="test_model_config_update" time="0.247" /><testcase classname="tests.test_chat_safety" name="test_history_persists" time="0.110" /><testcase classname="tests.test_admin" name="test_provider_settings" time="0.147" /><testcase classname="tests.test_chat_safety" name="test_memories_saved_and_deletable" time="0.158" /><testcase classname="tests.test_admin" name="test_professionals_crud" time="0.218" /><testcase classname="tests.test_chat_safety" name="test_private_mode_no_memory_persist" time="7.190" /><testcase classname="tests.test_admin" name="test_safety_events_and_resolve" time="0.164" /><testcase classname="tests.test_iteration4_plus_payments.TestPlusGating" name="test_status_none_for_new_user" time="0.382" /><testcase classname="tests.test_iteration4_plus_payments.TestPlusGating" name="test_gated_endpoints_402[/wellness/plan]" time="0.053" /><testcase classname="tests.test_iteration4_plus_payments.TestPlusGating" name="test_gated_endpoints_402[/wellness/food]" time="0.054" /><testcase classname="tests.test_iteration4_plus_payments.TestPlusGating" name="test_gated_endpoints_402[/wellness/events]" time="0.053" /><testcase classname="tests.test_iteration4_plus_payments.TestPlusGating" name="test_gated_post_402" time="0.107" /><testcase classname="tests.test_iteration4_plus_payments.TestPlusGating" name="test_unauth_401" time="0.051" /><testcase classname="tests.test_fixes_iteration2.TestNotFoundMutations" name="test_delete_missing_memory_404" time="0.055" /><testcase classname="tests.test_fixes_iteration2.TestNotFoundMutations" name="test_update_missing_memory_404" time="0.056" /><testcase classname="tests.test_fixes_iteration2.TestNotFoundMutations" name="test_delete_missing_professional_404" time="0.053" /><testcase classname="tests.test_fixes_iteration2.TestNotFoundMutations" name="test_resolve_missing_safety_event_404" time="0.054" /><testcase classname="tests.test_iteration3_voice_alerts.TestAdminRegression" name="test_model_routing_save" time="0.157" /><testcase classname="tests.test_iteration3_voice_alerts.TestAdminRegression" name="test_professional_add_delete" time="0.269" /><testcase classname="tests.test_iteration3_voice_alerts.TestAdminRegression" name="test_resolve_safety_event" time="0.161" /><testcase classname="tests.test_iteration3_voice_alerts.TestAdminRegression" name="test_admin_stats" time="0.055" /><testcase classname="tests.test_iteration4_plus_payments.TestWellnessPlan" name="test_plan_autogenerates" time="8.345" /><testcase classname="tests.test_chat_safety" name="test_high_risk_escalation" time="5.070" /><testcase classname="tests.test_iteration4_plus_payments.TestWellnessPlan" name="test_toggle_item" time="0.213" /><testcase classname="tests.test_iteration4_plus_payments.TestWellnessPlan" name="test_toggle_out_of_range_404" time="0.054" /><testcase classname="tests.test_iteration4_plus_payments.TestWellnessPlan" name="test_regenerate" time="7.732" /><testcase classname="tests.test_chat_safety" name="test_handoff" time="0.054" /><testcase classname="tests.test_chat_safety" name="test_checkin_due_then_not_due" time="8.715" /><testcase classname="tests.test_fixes_iteration2.TestPrivateModeValidation" name="test_toggle_on_and_off" time="0.217" /><testcase classname="tests.test_fixes_iteration2.TestPrivateModeValidation" name="test_junk_body_rejected" time="0.052" /><testcase classname="tests.test_fixes_iteration2.TestPrivateModeValidation" name="test_wrong_type_rejected" time="0.103" /><testcase classname="tests.test_fixes_iteration2.TestProviderValidation" name="test_switch_to_openrouter_without_key_is_400" time="0.158" /><testcase classname="tests.test_fixes_iteration2.TestProviderValidation" name="test_openrouter_models_without_key_is_400" time="0.104" /><testcase classname="tests.test_fixes_iteration2.TestProviderValidation" name="test_emergent_provider_still_settable" time="0.109" /><testcase classname="tests.test_iteration3_voice_alerts.TestVoice" name="test_voice_status_disabled" time="0.054" /><testcase classname="tests.test_iteration3_voice_alerts.TestVoice" name="test_tts_400_when_unconfigured" time="0.052" /><testcase classname="tests.test_iteration3_voice_alerts.TestVoice" name="test_voice_endpoints_require_auth" time="0.102" /><testcase classname="tests.test_iteration3_voice_alerts.TestAdminVoiceAlerts" name="test_integrations_all_unconfigured" time="0.054" /><testcase classname="tests.test_iteration3_voice_alerts.TestAdminVoiceAlerts" name="test_get_and_persist_voice_settings" time="0.259" /><testcase classname="tests.test_iteration3_voice_alerts.TestAdminVoiceAlerts" name="test_voice_settings_admin_only" time="0.161" /><testcase classname="tests.test_health" name="test_root" time="0.126" /><testcase classname="tests.test_health" name="test_countries_meta" time="0.112" /><testcase classname="tests.test_iteration3_voice_alerts.TestChatRegression" name="test_register_onboard_and_stream" time="8.050" /><testcase classname="tests.test_chat_safety" name="test_checkin_off" time="0.383" /><testcase classname="tests.test_chat_safety" name="test_chat_invalid_session_404" time="0.061" /><testcase classname="tests.test_chat_safety" name="test_cross_user_session_isolation" time="0.384" /><testcase classname="tests.test_chat_safety" name="test_export_and_delete_everything" time="5.361" /><testcase classname="tests.test_iteration3_voice_alerts.TestCheckin" name="test_checkin_due_and_personalized" time="8.869" /><testcase classname="tests.test_iteration3_voice_alerts.TestChatRegression" name="test_existing_user_login" time="0.306" /><testcase classname="tests.test_iteration3_voice_alerts.TestEscalationGraceful" name="test_high_risk_escalation_and_event" time="4.424" /><testcase classname="tests.test_iteration3_voice_alerts.TestEscalationGraceful" name="test_handoff_logs_event" time="0.112" /><testcase classname="tests.test_iteration4_plus_payments.TestFoodLog" name="test_log_food_and_totals" time="2.049" /><testcase classname="tests.test_iteration4_plus_payments.TestFoodLog" name="test_food_cross_user_isolation" time="1.508" /><testcase classname="tests.test_iteration3_voice_alerts.TestCheckin" name="test_checkin_off" time="0.510" /><testcase classname="tests.test_iteration4_plus_payments.TestSchedule" name="test_event_crud_and_sorting" time="0.518" /><testcase classname="tests.test_iteration4_plus_payments.TestTrial" name="test_start_trial_grants_access" time="0.539" /><testcase classname="tests.test_iteration4_plus_payments.TestProactiveCoaching" name="test_chat_stream_works_for_plus_user" time="14.661" /><testcase classname="tests.test_iteration4_plus_payments.TestTrial" name="test_existing_user_trial_already_used" time="0.383" /></testsuite></testsuites>