<?xml version="1.0" encoding="utf-8"?><testsuites name="pytest tests"><testsuite name="pytest" errors="0" failures="3" skipped="0" tests="36" time="24.994" timestamp="2026-08-25T04:11:10.542536+00:00" hostname="agent-env-030bbfec-63ec-4057-993e-a7df4e959b7f"><testcase classname="tests.test_auth_onboarding" name="test_register_returns_token_and_not_onboarded" time="1.045" /><testcase classname="tests.test_chat_safety" name="test_chat_normal_stream" time="5.826" /><testcase classname="tests.test_auth_onboarding" name="test_login_bad_password" time="0.429" /><testcase classname="tests.test_auth_onboarding" name="test_me_requires_auth" time="0.105" /><testcase classname="tests.test_auth_onboarding" name="test_onboarding_rejects_missing_consents" time="0.414" /><testcase classname="tests.test_auth_onboarding" name="test_profile_update_persists" time="0.408" /><testcase classname="tests.test_auth_onboarding" name="test_private_mode_toggle" time="0.137" /><testcase classname="tests.test_auth_onboarding" name="test_hotlines_us" time="0.051" /><testcase classname="tests.test_admin" name="test_admin_rbac" time="0.396" /><testcase classname="tests.test_admin" name="test_admin_stats" time="0.320" /><testcase classname="tests.test_admin" name="test_model_config_update" time="0.188" /><testcase classname="tests.test_admin" name="test_provider_settings" time="0.107" /><testcase classname="tests.test_admin" name="test_professionals_crud" time="0.198" /><testcase classname="tests.test_admin" name="test_safety_events_and_resolve" time="0.171" /><testcase classname="tests.test_fixes_iteration2.TestNotFoundMutations" name="test_delete_missing_memory_404" time="0.051" /><testcase classname="tests.test_fixes_iteration2.TestNotFoundMutations" name="test_update_missing_memory_404" time="0.049"><failure message="AssertionError: got 200 {&quot;ok&quot;:true}&#10;assert 200 in (404, 422)&#10; +  where 200 = &lt;Response [200]&gt;.status_code">tests/test_fixes_iteration2.py:75: in test_update_missing_memory_404
    assert r.status_code in (404, 422), f"got {r.status_code} {r.text[:200]}"
E   AssertionError: got 200 {"ok":true}
E   assert 200 in (404, 422)
E    +  where 200 = &lt;Response [200]&gt;.status_code</failure></testcase><testcase classname="tests.test_fixes_iteration2.TestNotFoundMutations" name="test_delete_missing_professional_404" time="0.047"><failure message="AssertionError: got 200 {&quot;ok&quot;:true}&#10;assert 200 == 404&#10; +  where 200 = &lt;Response [200]&gt;.status_code">tests/test_fixes_iteration2.py:79: in test_delete_missing_professional_404
    assert r.status_code == 404, f"got {r.status_code} {r.text[:200]}"
E   AssertionError: got 200 {"ok":true}
E   assert 200 == 404
E    +  where 200 = &lt;Response [200]&gt;.status_code</failure></testcase><testcase classname="tests.test_fixes_iteration2.TestNotFoundMutations" name="test_resolve_missing_safety_event_404" time="0.047"><failure message="AssertionError: got 200 {&quot;ok&quot;:true}&#10;assert 200 == 404&#10; +  where 200 = &lt;Response [200]&gt;.status_code">tests/test_fixes_iteration2.py:83: in test_resolve_missing_safety_event_404
    assert r.status_code == 404, f"got {r.status_code} {r.text[:200]}"
E   AssertionError: got 200 {"ok":true}
E   assert 200 == 404
E    +  where 200 = &lt;Response [200]&gt;.status_code</failure></testcase><testcase classname="tests.test_fixes_iteration2.TestPrivateModeValidation" name="test_toggle_on_and_off" time="0.269" /><testcase classname="tests.test_fixes_iteration2.TestPrivateModeValidation" name="test_junk_body_rejected" time="0.045" /><testcase classname="tests.test_fixes_iteration2.TestPrivateModeValidation" name="test_wrong_type_rejected" time="0.090" /><testcase classname="tests.test_fixes_iteration2.TestProviderValidation" name="test_switch_to_openrouter_without_key_is_400" time="0.134" /><testcase classname="tests.test_fixes_iteration2.TestProviderValidation" name="test_openrouter_models_without_key_is_400" time="0.090" /><testcase classname="tests.test_fixes_iteration2.TestProviderValidation" name="test_emergent_provider_still_settable" time="0.089" /><testcase classname="tests.test_health" name="test_root" time="0.097" /><testcase classname="tests.test_health" name="test_countries_meta" time="0.140" /><testcase classname="tests.test_chat_safety" name="test_history_persists" time="0.092" /><testcase classname="tests.test_chat_safety" name="test_memories_saved_and_deletable" time="0.140" /><testcase classname="tests.test_chat_safety" name="test_private_mode_no_memory_persist" time="4.777" /><testcase classname="tests.test_chat_safety" name="test_high_risk_escalation" time="5.356" /><testcase classname="tests.test_chat_safety" name="test_handoff" time="0.046" /><testcase classname="tests.test_chat_safety" name="test_checkin_due_then_not_due" time="2.255" /><testcase classname="tests.test_chat_safety" name="test_checkin_off" time="0.466" /><testcase classname="tests.test_chat_safety" name="test_chat_invalid_session_404" time="0.046" /><testcase classname="tests.test_chat_safety" name="test_cross_user_session_isolation" time="0.359" /><testcase classname="tests.test_chat_safety" name="test_export_and_delete_everything" time="5.031" /></testsuite></testsuites>